<?xml version="1.0" encoding="UTF-8"?>
<!-- Generated by org.testng.reporters.JUnitReportReporter -->
<testsuite hostname="DESKTOP-O1LKEUQ" failures="0" tests="2" name="com.appname.qa.testcase.HomePageTest" time="20.122" errors="0" timestamp="2022-03-02T00:43:37 IST" skipped="0">
  <testcase classname="com.appname.qa.testcase.HomePageTest" name="validatelogo" time="8.964"/>
  <system-out/>
  <testcase classname="com.appname.qa.testcase.HomePageTest" name="homepagetitle" time="11.158"/>
  <system-out/>
</testsuite> <!-- com.appname.qa.testcase.HomePageTest -->
